[18:36:14] [ServerMain/INFO]: [bootstrap] Running Java 21 (OpenJDK 64-Bit Server VM 21.0.8+9-Ubuntu-0ubuntu124.04.1; Ubuntu null) on Linux 6.8.0-1030-azure (amd64)
[18:36:14] [ServerMain/INFO]: [bootstrap] Loading Paper 1.21.8-6-main@782ce95 (2025-07-18T20:26:58Z) for Minecraft 1.21.8
[18:36:15] [ServerMain/INFO]: [PluginInitializerManager] Initializing plugins...
[18:36:15] [ServerMain/INFO]: [PluginInitializerManager] Initialized 0 plugins
[18:36:23] [ServerMain/INFO]: Environment: Environment[sessionHost=https://sessionserver.mojang.com, servicesHost=https://api.minecraftservices.com, name=PROD]
[18:36:27] [ServerMain/INFO]: Loaded 1407 recipes
[18:36:27] [ServerMain/INFO]: Loaded 1520 advancements
[18:36:27] [ServerMain/INFO]: [ca.spottedleaf.dataconverter.minecraft.datatypes.MCTypeRegistry] Initialising converters for DataConverter...
[18:36:28] [ServerMain/INFO]: [ca.spottedleaf.dataconverter.minecraft.datatypes.MCTypeRegistry] Finished initialising converters for DataConverter in 677.4ms
[18:36:28] [Server thread/INFO]: Starting minecraft server version 1.21.8
[18:36:28] [Server thread/INFO]: Loading properties
[18:36:28] [Server thread/INFO]: This server is running Paper version 1.21.8-6-main@782ce95 (2025-07-18T20:26:58Z) (Implementing API version 1.21.8-R0.1-SNAPSHOT)
[18:36:28] [Server thread/INFO]: [spark] This server bundles the spark profiler. For more information please visit https://docs.papermc.io/paper/profiling
[18:36:28] [Server thread/INFO]: Server Ping Player Sample Count: 12
[18:36:28] [Server thread/INFO]: Using 4 threads for Netty based IO
[18:36:30] [Server thread/INFO]: [MoonriseCommon] Paper is using 1 worker threads, 1 I/O threads
[18:36:30] [Server thread/INFO]: [ChunkTaskScheduler] Chunk system is using population gen parallelism: true
[18:36:30] [Server thread/INFO]: Default game type: SURVIVAL
[18:36:30] [Server thread/INFO]: Generating keypair
[18:36:30] [Server thread/INFO]: Starting Minecraft server on *:25565
[18:36:30] [Server thread/INFO]: Using epoll channel type
[18:36:30] [Server thread/INFO]: Paper: Using libdeflate (Linux x86_64) compression from Velocity.
[18:36:30] [Server thread/INFO]: Paper: Using OpenSSL 3.x.x (Linux x86_64) cipher from Velocity.
[18:36:30] [Server thread/INFO]: Server permissions file permissions.yml is empty, ignoring it
[18:36:30] [Server thread/WARN]: **** SERVER IS RUNNING IN OFFLINE/INSECURE MODE!
[18:36:30] [Server thread/WARN]: The server will make no attempt to authenticate usernames. Beware.
[18:36:30] [Server thread/WARN]: While this makes the game possible to play without internet access, it also opens up the ability for hackers to connect with any username they choose.
[18:36:30] [Server thread/WARN]: To change this, set "online-mode" to "true" in the server.properties file.
[18:36:30] [Server thread/INFO]: Preparing level "world"
[18:36:31] [Server thread/INFO]: Preparing start region for dimension minecraft:overworld
[18:36:32] [Server thread/INFO]: Preparing spawn area: 0%
[18:36:32] [Server thread/INFO]: Preparing spawn area: 2%
[18:36:32] [Server thread/INFO]: Preparing spawn area: 2%
[18:36:33] [Server thread/INFO]: Preparing spawn area: 26%
[18:36:33] [Server thread/INFO]: Time elapsed: 1992 ms
[18:36:33] [Server thread/INFO]: Preparing start region for dimension minecraft:the_nether
[18:36:33] [Server thread/INFO]: Preparing spawn area: 0%
[18:36:34] [Server thread/INFO]: Preparing spawn area: 42%
[18:36:34] [Server thread/INFO]: Time elapsed: 560 ms
[18:36:34] [Server thread/INFO]: Preparing start region for dimension minecraft:the_end
[18:36:34] [Server thread/INFO]: Preparing spawn area: 0%
[18:36:34] [Server thread/INFO]: Preparing spawn area: 42%
[18:36:35] [Server thread/INFO]: Time elapsed: 624 ms
[18:36:35] [Server thread/INFO]: [spark] Starting background profiler...
[18:36:36] [Server thread/INFO]: Done preparing level "world" (5.450s)
[18:36:36] [Server thread/INFO]: Running delayed init tasks
[18:36:36] [Server thread/INFO]: Done (23.558s)! For help, type "help"
[18:52:09] [User Authenticator #0/INFO]: UUID of player santipro is b18679da-6bc8-367a-a0b0-96eb52d167c3
[18:52:10] [Server thread/INFO]: santipro joined the game
[18:52:10] [Server thread/INFO]: santipro[/127.175.119.106:41179] logged in with entity id 19 at ([world]686.3000000119209, 114.0, -840.6999999880791)
[19:05:09] [Server thread/INFO]: santipro lost connection: Disconnected
[19:05:09] [Server thread/INFO]: santipro left the game
